<?xml version="1.0" encoding="UTF-8"?>
<testng-results ignored="0" total="1" passed="1" failed="0" skipped="0">
  <reporter-output>
  </reporter-output>
  <suite started-at="2023-11-01T21:48:49 EDT" name="Default suite" finished-at="2023-11-01T21:48:52 EDT" duration-ms="2719">
    <groups>
    </groups>
    <test started-at="2023-11-01T21:48:49 EDT" name="Default test" finished-at="2023-11-01T21:48:52 EDT" duration-ms="2719">
      <class name="restassured_test.Post_api_3">
        <test-method signature="f()[pri:0, instance:restassured_test.Post_api_3@8f2ef19]" started-at="2023-11-01T21:48:49 EDT" name="f" finished-at="2023-11-01T21:48:52 EDT" duration-ms="2633" status="PASS">
          <reporter-output>
          </reporter-output>
        </test-method> <!-- f -->
      </class> <!-- restassured_test.Post_api_3 -->
    </test> <!-- Default test -->
  </suite> <!-- Default suite -->
</testng-results>
